Drill report for LWA Balun 2020.kicad_pcb
Created on Thu 14 Apr 2022 01:25:43 PM EDT

Copper Layer Stackup:
    =============================================================
    L1 :  F.Cu                      front
    L2 :  B.Cu                      back


Drill file 'LWA Balun 2020-PTH.drl' contains
    plated through holes:
    =============================================================
    T1  0.381mm  0.0150"  (4 holes)
    T2  0.508mm  0.0200"  (21 holes)
    T3  0.711mm  0.0280"  (104 holes)
    T4  1.575mm  0.0620"  (5 holes)
    T5  3.797mm  0.1495"  (2 holes)
    T6  7.112mm  0.2800"  (4 holes)

    Total plated holes count 140


Drill file 'LWA Balun 2020-NPTH.drl' contains
    unplated through holes:
    =============================================================

    Total unplated holes count 0
